2022.07.28 11:59:35 INFO  tracing is disabled for protocol LSP, to enable tracing of incoming and outgoing JSON messages create an empty file at c:\Users\User01\Documents\GitHub\scala-coursera\.metals\lsp.trace.json or C:\Users\User01\AppData\Local\scalameta\metals\cache\lsp.trace.json
2022.07.28 11:59:36 INFO  logging to file C:\Users\User01\Documents\GitHub\scala-coursera\.metals\metals.log
2022.07.28 11:59:36 INFO  Started: Metals version 0.11.7 in workspace 'C:\Users\User01\Documents\GitHub\scala-coursera' for client Visual Studio Code 1.69.2.
2022.07.28 11:59:37 INFO  time: initialize in 1.08s
2022.07.28 11:59:37 WARN  Flyway upgrade recommended: H2 2.1.214 is newer than this version of Flyway and support has not been tested. The latest supported version of H2 is 2.1.210.
2022.07.28 11:59:37 WARN  Build server is not auto-connectable.
2022.07.28 11:59:37 WARN  no build tool detected in workspace 'C:\Users\User01\Documents\GitHub\scala-coursera'. The most common cause for this problem is that the editor was opened in the wrong working directory, for example if you use sbt then the workspace directory should contain build.sbt. 
2022.07.28 11:59:40 WARN  no build target for: C:\Users\User01\Documents\GitHub\scala-coursera\forcomp\src\test\scala\forcomp\AnagramsSuite.scala
2022.07.28 11:59:44 INFO  no build target found for C:\Users\User01\Documents\GitHub\scala-coursera\forcomp\src\test\scala\forcomp\AnagramsSuite.scala. Using presentation compiler with project's scala-library version: 3.1.3
2022.07.28 11:59:45 WARN  no build target for: C:\Users\User01\Documents\GitHub\scala-coursera\forcomp\src\main\scala\forcomp\Anagrams.scala
2022.07.28 11:59:47 INFO  time: code lens generation in 6.76s
2022.07.28 11:59:47 INFO  time: code lens generation in 2.26s
2022.07.28 12:27:58 WARN  no build target for: C:\Users\User01\Documents\GitHub\scala-coursera\forcomp\src\main\scala\forcomp\Anagrams.scala
2022.07.28 12:27:59 WARN  no build target for: C:\Users\User01\Documents\GitHub\scala-coursera\forcomp\src\main\scala\forcomp\Anagrams.scala
jul 28, 2022 12:33:38 DA TARDE org.eclipse.lsp4j.jsonrpc.RemoteEndpoint handleCancellation
WARNING: Unmatched cancel notification for request id 599
2022.07.28 12:33:56 WARN  no build target for: C:\Users\User01\Documents\GitHub\scala-coursera\forcomp\src\main\scala\forcomp\AnagramsInterface.scala
2022.07.28 12:33:58 WARN  no build target for: C:\Users\User01\Documents\GitHub\scala-coursera\forcomp\src\test\scala\forcomp\AnagramsSuite.scala
2022.07.28 12:34:34 WARN  no build target for: C:\Users\User01\Documents\GitHub\scala-coursera\forcomp\src\main\scala\forcomp\Anagrams.scala
2022.07.28 12:47:47 WARN  no build target for: C:\Users\User01\Documents\GitHub\scala-coursera\forcomp\src\main\scala\forcomp\Anagrams.scala
2022.07.28 12:56:09 WARN  no build target for: C:\Users\User01\Documents\GitHub\scala-coursera\forcomp\src\main\scala\forcomp\Anagrams.scala
2022.07.28 13:59:15 WARN  no build target for: C:\Users\User01\Documents\GitHub\scala-coursera\forcomp\src\main\scala\forcomp\Anagrams.scala
2022.07.28 14:07:52 WARN  no build target for: C:\Users\User01\Documents\GitHub\scala-coursera\forcomp\src\main\scala\forcomp\Anagrams.scala
2022.07.28 14:08:03 WARN  no build target for: C:\Users\User01\Documents\GitHub\scala-coursera\forcomp\src\main\scala\forcomp\Anagrams.scala
2022.07.28 14:08:23 WARN  no build target for: C:\Users\User01\Documents\GitHub\scala-coursera\forcomp\src\main\scala\forcomp\Anagrams.scala
2022.07.28 15:15:49 WARN  no build target for: C:\Users\User01\Documents\GitHub\scala-coursera\forcomp\src\main\scala\forcomp\Anagrams.scala
2022.07.28 15:15:58 WARN  no build target for: C:\Users\User01\Documents\GitHub\scala-coursera\forcomp\src\main\scala\forcomp\Anagrams.scala
2022.07.28 15:16:05 WARN  no build target for: C:\Users\User01\Documents\GitHub\scala-coursera\forcomp\src\main\scala\forcomp\Anagrams.scala
2022.07.28 15:28:23 WARN  no build target for: C:\Users\User01\Documents\GitHub\scala-coursera\forcomp\src\main\scala\forcomp\Anagrams.scala
jul 28, 2022 4:08:53 DA TARDE org.eclipse.lsp4j.jsonrpc.RemoteEndpoint handleCancellation
WARNING: Unmatched cancel notification for request id 1332
jul 28, 2022 4:09:33 DA TARDE org.eclipse.lsp4j.jsonrpc.RemoteEndpoint handleCancellation
WARNING: Unmatched cancel notification for request id 1358
Exception in thread "pool-3-thread-1" java.lang.InterruptedException
	at scala.meta.internal.metals.FutureCancelToken.checkCanceled(FutureCancelToken.scala:29)
	at scala.meta.internal.pc.CompilerAccess.onCompilerJobQueue$$anonfun$1(CompilerAccess.scala:196)
	at scala.meta.internal.pc.CompilerJobQueue$Job.run(CompilerJobQueue.scala:152)
	at java.base/java.util.concurrent.ThreadPoolExecutor.runWorker(ThreadPoolExecutor.java:1128)
	at java.base/java.util.concurrent.ThreadPoolExecutor$Worker.run(ThreadPoolExecutor.java:628)
	at java.base/java.lang.Thread.run(Thread.java:834)
2022.07.28 16:16:31 WARN  no build target for: C:\Users\User01\Documents\GitHub\scala-coursera\forcomp\src\main\scala\forcomp\AnagramsInterface.scala
2022.07.28 16:16:51 WARN  no build target for: C:\Users\User01\Documents\GitHub\scala-coursera\forcomp\src\main\scala\forcomp\Anagrams.scala
2022.07.28 16:28:24 WARN  no build target for: C:\Users\User01\Documents\GitHub\scala-coursera\forcomp\src\main\scala\forcomp\Anagrams.scala
2022.07.28 16:28:26 WARN  no build target for: C:\Users\User01\Documents\GitHub\scala-coursera\forcomp\src\main\scala\forcomp\Anagrams.scala
2022.07.28 16:28:27 WARN  no build target for: C:\Users\User01\Documents\GitHub\scala-coursera\forcomp\src\main\scala\forcomp\Anagrams.scala
2022.07.28 16:30:23 WARN  no build target for: C:\Users\User01\Documents\GitHub\scala-coursera\forcomp\src\main\scala\forcomp\Anagrams.scala
2022.07.28 16:30:25 WARN  no build target for: C:\Users\User01\Documents\GitHub\scala-coursera\forcomp\src\main\scala\forcomp\Anagrams.scala
2022.07.28 16:38:54 WARN  no build target for: C:\Users\User01\Documents\GitHub\scala-coursera\forcomp\src\main\scala\forcomp\Anagrams.scala
2022.07.28 16:40:27 WARN  no build target for: C:\Users\User01\Documents\GitHub\scala-coursera\forcomp\src\main\scala\forcomp\Anagrams.scala
2022.07.28 16:43:24 WARN  no build target for: C:\Users\User01\Documents\GitHub\scala-coursera\forcomp\src\main\scala\forcomp\Anagrams.scala
2022.07.28 16:44:00 WARN  no build target for: C:\Users\User01\Documents\GitHub\scala-coursera\forcomp\src\main\scala\forcomp\Anagrams.scala
2022.07.28 16:44:05 WARN  no build target for: C:\Users\User01\Documents\GitHub\scala-coursera\forcomp\src\main\scala\forcomp\Anagrams.scala
2022.07.28 16:46:07 WARN  no build target for: C:\Users\User01\Documents\GitHub\scala-coursera\forcomp\src\main\scala\forcomp\Anagrams.scala
2022.07.28 16:46:10 WARN  no build target for: C:\Users\User01\Documents\GitHub\scala-coursera\forcomp\src\main\scala\forcomp\Anagrams.scala
2022.07.28 16:46:41 WARN  no build target for: C:\Users\User01\Documents\GitHub\scala-coursera\forcomp\src\main\scala\forcomp\Anagrams.scala
2022.07.28 16:47:11 WARN  no build target for: C:\Users\User01\Documents\GitHub\scala-coursera\forcomp\src\main\scala\forcomp\Anagrams.scala
2022.07.28 16:47:29 WARN  no build target for: C:\Users\User01\Documents\GitHub\scala-coursera\forcomp\src\main\scala\forcomp\Anagrams.scala
2022.07.28 16:48:11 WARN  no build target for: C:\Users\User01\Documents\GitHub\scala-coursera\forcomp\src\main\scala\forcomp\Anagrams.scala
2022.07.28 16:48:40 WARN  no build target for: C:\Users\User01\Documents\GitHub\scala-coursera\forcomp\src\main\scala\forcomp\Anagrams.scala
2022.07.28 17:05:52 WARN  no build target for: C:\Users\User01\Documents\GitHub\scala-coursera\forcomp\src\main\scala\forcomp\Anagrams.scala
2022.07.28 17:09:46 WARN  no build target for: C:\Users\User01\Documents\GitHub\scala-coursera\forcomp\src\main\scala\forcomp\Anagrams.scala
2022.07.28 17:10:26 WARN  no build target for: C:\Users\User01\Documents\GitHub\scala-coursera\forcomp\src\main\scala\forcomp\Anagrams.scala
2022.07.28 17:12:19 WARN  no build target for: C:\Users\User01\Documents\GitHub\scala-coursera\forcomp\src\main\scala\forcomp\Anagrams.scala
2022.07.28 17:12:57 WARN  no build target for: C:\Users\User01\Documents\GitHub\scala-coursera\forcomp\src\main\scala\forcomp\Anagrams.scala
2022.07.28 17:13:09 WARN  no build target for: C:\Users\User01\Documents\GitHub\scala-coursera\forcomp\src\main\scala\forcomp\Anagrams.scala
2022.07.28 17:28:17 WARN  no build target for: C:\Users\User01\Documents\GitHub\scala-coursera\forcomp\src\main\scala\forcomp\Anagrams.scala
2022.07.28 17:30:32 WARN  no build target for: C:\Users\User01\Documents\GitHub\scala-coursera\forcomp\src\main\scala\forcomp\Anagrams.scala
2022.07.29 09:13:49 INFO  tracing is disabled for protocol LSP, to enable tracing of incoming and outgoing JSON messages create an empty file at c:\Users\User01\Documents\GitHub\scala-coursera\.metals\lsp.trace.json or C:\Users\User01\AppData\Local\scalameta\metals\cache\lsp.trace.json
2022.07.29 09:13:50 INFO  logging to file C:\Users\User01\Documents\GitHub\scala-coursera\.metals\metals.log
2022.07.29 09:13:50 INFO  Started: Metals version 0.11.7 in workspace 'C:\Users\User01\Documents\GitHub\scala-coursera' for client Visual Studio Code 1.69.2.
2022.07.29 09:13:52 INFO  time: initialize in 1.5s
2022.07.29 09:13:56 WARN  Flyway upgrade recommended: H2 2.1.214 is newer than this version of Flyway and support has not been tested. The latest supported version of H2 is 2.1.210.
2022.07.29 09:13:56 WARN  Build server is not auto-connectable.
2022.07.29 09:13:56 WARN  no build tool detected in workspace 'C:\Users\User01\Documents\GitHub\scala-coursera'. The most common cause for this problem is that the editor was opened in the wrong working directory, for example if you use sbt then the workspace directory should contain build.sbt. 
2022.07.29 09:14:00 WARN  no build target for: C:\Users\User01\Documents\GitHub\scala-coursera\forcomp\src\main\scala\forcomp\Anagrams.scala
2022.07.29 09:14:09 INFO  no build target found for C:\Users\User01\Documents\GitHub\scala-coursera\forcomp\src\main\scala\forcomp\Anagrams.scala. Using presentation compiler with project's scala-library version: 3.1.3
2022.07.29 09:14:15 INFO  time: code lens generation in 5.22s
2022.07.29 09:19:16 WARN  no build target for: C:\Users\User01\Documents\GitHub\scala-coursera\forcomp\src\main\scala\forcomp\Anagrams.scala
jul 29, 2022 9:21:12 DA MANHÃ org.eclipse.lsp4j.jsonrpc.RemoteEndpoint handleCancellation
WARNING: Unmatched cancel notification for request id 70
jul 29, 2022 9:27:12 DA MANHÃ org.eclipse.lsp4j.jsonrpc.RemoteEndpoint handleCancellation
WARNING: Unmatched cancel notification for request id 326
2022.07.29 09:28:36 WARN  no build target for: C:\Users\User01\Documents\GitHub\scala-coursera\forcomp\src\main\scala\forcomp\Anagrams.scala
2022.07.29 09:37:41 WARN  no build target for: C:\Users\User01\Documents\GitHub\scala-coursera\forcomp\src\main\scala\forcomp\Anagrams.scala
2022.07.29 09:38:11 WARN  no build target for: C:\Users\User01\Documents\GitHub\scala-coursera\forcomp\src\main\scala\forcomp\Anagrams.scala
2022.07.29 10:39:56 WARN  no build target for: C:\Users\User01\Documents\GitHub\scala-coursera\forcomp\src\main\scala\forcomp\Anagrams.scala
2022.07.29 10:40:02 WARN  no build target for: C:\Users\User01\Documents\GitHub\scala-coursera\forcomp\src\main\scala\forcomp\Anagrams.scala
2022.07.29 10:40:11 WARN  no build target for: C:\Users\User01\Documents\GitHub\scala-coursera\forcomp\src\main\scala\forcomp\Anagrams.scala
2022.07.29 10:40:32 WARN  no build target for: C:\Users\User01\Documents\GitHub\scala-coursera\forcomp\src\main\scala\forcomp\Anagrams.scala
2022.07.29 10:40:54 WARN  no build target for: C:\Users\User01\Documents\GitHub\scala-coursera\forcomp\src\main\scala\forcomp\Anagrams.scala
2022.07.29 10:41:11 WARN  no build target for: C:\Users\User01\Documents\GitHub\scala-coursera\forcomp\src\main\scala\forcomp\Anagrams.scala
2022.07.29 10:41:28 WARN  no build target for: C:\Users\User01\Documents\GitHub\scala-coursera\forcomp\src\main\scala\forcomp\Anagrams.scala
2022.07.29 10:47:03 WARN  no build target for: C:\Users\User01\Documents\GitHub\scala-coursera\forcomp\src\main\scala\forcomp\Anagrams.scala
2022.07.29 10:52:27 WARN  no build target for: C:\Users\User01\Documents\GitHub\scala-coursera\forcomp\src\main\scala\forcomp\Anagrams.scala
2022.07.29 10:53:26 WARN  no build target for: C:\Users\User01\Documents\GitHub\scala-coursera\forcomp\src\main\scala\forcomp\Anagrams.scala
2022.07.29 10:54:47 WARN  no build target for: C:\Users\User01\Documents\GitHub\scala-coursera\forcomp\src\main\scala\forcomp\Anagrams.scala
2022.07.29 10:55:08 INFO  time: code lens generation in 16s
2022.07.29 10:55:08 INFO  time: code lens generation in 17s
2022.07.29 11:22:28 WARN  no build target for: C:\Users\User01\Documents\GitHub\scala-coursera\forcomp\src\main\scala\forcomp\Anagrams.scala
2022.07.29 11:23:19 WARN  no build target for: C:\Users\User01\Documents\GitHub\scala-coursera\forcomp\src\main\scala\forcomp\Anagrams.scala
2022.07.29 11:25:15 WARN  no build target for: C:\Users\User01\Documents\GitHub\scala-coursera\forcomp\src\main\scala\forcomp\Anagrams.scala
2022.07.29 11:25:42 WARN  no build target for: C:\Users\User01\Documents\GitHub\scala-coursera\forcomp\src\main\scala\forcomp\Anagrams.scala
2022.07.29 11:28:57 WARN  no build target for: C:\Users\User01\Documents\GitHub\scala-coursera\forcomp\src\test\scala\forcomp\AnagramsSuite.scala
2022.07.29 11:35:31 WARN  no build target for: C:\Users\User01\Documents\GitHub\scala-coursera\forcomp\src\main\scala\forcomp\Anagrams.scala
2022.07.29 11:35:57 WARN  no build target for: C:\Users\User01\Documents\GitHub\scala-coursera\forcomp\src\main\scala\forcomp\Anagrams.scala
jul 29, 2022 11:39:57 DA MANHÃ org.eclipse.lsp4j.jsonrpc.RemoteEndpoint handleCancellation
WARNING: Unmatched cancel notification for request id 1986
2022.07.29 12:00:55 WARN  no build target for: C:\Users\User01\Documents\GitHub\scala-coursera\forcomp\src\main\scala\forcomp\Anagrams.scala
2022.07.29 12:01:27 WARN  no build target for: C:\Users\User01\Documents\GitHub\scala-coursera\forcomp\src\main\scala\forcomp\Anagrams.scala
2022.07.29 12:02:10 WARN  no build target for: C:\Users\User01\Documents\GitHub\scala-coursera\forcomp\src\main\scala\forcomp\Anagrams.scala
2022.07.29 12:03:32 WARN  no build target for: C:\Users\User01\Documents\GitHub\scala-coursera\forcomp\src\main\scala\forcomp\Anagrams.scala
2022.07.29 12:04:18 WARN  no build target for: C:\Users\User01\Documents\GitHub\scala-coursera\forcomp\src\main\scala\forcomp\Anagrams.scala
2022.07.29 12:10:53 WARN  no build target for: C:\Users\User01\Documents\GitHub\scala-coursera\forcomp\src\main\scala\forcomp\Anagrams.scala
2022.07.29 12:11:18 WARN  no build target for: C:\Users\User01\Documents\GitHub\scala-coursera\forcomp\src\main\scala\forcomp\Anagrams.scala
2022.07.29 12:12:02 WARN  no build target for: C:\Users\User01\Documents\GitHub\scala-coursera\forcomp\src\main\scala\forcomp\Anagrams.scala
2022.07.29 12:12:45 WARN  no build target for: C:\Users\User01\Documents\GitHub\scala-coursera\forcomp\src\main\scala\forcomp\Anagrams.scala
2022.07.29 12:12:52 WARN  no build target for: C:\Users\User01\Documents\GitHub\scala-coursera\forcomp\src\main\scala\forcomp\Anagrams.scala
2022.07.29 12:13:08 WARN  no build target for: C:\Users\User01\Documents\GitHub\scala-coursera\forcomp\src\main\scala\forcomp\Anagrams.scala
2022.07.29 12:13:29 WARN  no build target for: C:\Users\User01\Documents\GitHub\scala-coursera\forcomp\src\main\scala\forcomp\Anagrams.scala
2022.07.29 12:13:36 WARN  no build target for: C:\Users\User01\Documents\GitHub\scala-coursera\forcomp\src\main\scala\forcomp\Anagrams.scala
2022.07.29 12:13:38 WARN  no build target for: C:\Users\User01\Documents\GitHub\scala-coursera\forcomp\src\main\scala\forcomp\Anagrams.scala
jul 29, 2022 12:18:39 DA TARDE org.eclipse.lsp4j.jsonrpc.RemoteEndpoint handleCancellation
WARNING: Unmatched cancel notification for request id 3036
2022.07.29 12:20:58 WARN  no build target for: C:\Users\User01\Documents\GitHub\scala-coursera\forcomp\src\main\scala\forcomp\Anagrams.scala
2022.07.29 12:21:03 WARN  no build target for: C:\Users\User01\Documents\GitHub\scala-coursera\forcomp\src\main\scala\forcomp\Anagrams.scala
2022.07.29 12:21:56 WARN  no build target for: C:\Users\User01\Documents\GitHub\scala-coursera\forcomp\src\main\scala\forcomp\Anagrams.scala
2022.07.29 12:22:03 WARN  no build target for: C:\Users\User01\Documents\GitHub\scala-coursera\forcomp\src\main\scala\forcomp\Anagrams.scala
2022.07.29 12:23:05 WARN  no build target for: C:\Users\User01\Documents\GitHub\scala-coursera\forcomp\src\main\scala\forcomp\Anagrams.scala
2022.07.29 12:23:37 WARN  no build target for: C:\Users\User01\Documents\GitHub\scala-coursera\forcomp\src\main\scala\forcomp\Anagrams.scala
2022.07.29 12:24:18 WARN  no build target for: C:\Users\User01\Documents\GitHub\scala-coursera\forcomp\src\main\scala\forcomp\Anagrams.scala
jul 29, 2022 12:24:52 DA TARDE org.eclipse.lsp4j.jsonrpc.RemoteEndpoint handleCancellation
WARNING: Unmatched cancel notification for request id 3378
2022.07.29 12:25:13 WARN  no build target for: C:\Users\User01\Documents\GitHub\scala-coursera\forcomp\src\main\scala\forcomp\Anagrams.scala
2022.07.29 12:26:32 WARN  no build target for: C:\Users\User01\Documents\GitHub\scala-coursera\forcomp\src\main\scala\forcomp\Anagrams.scala
2022.07.29 12:27:39 WARN  no build target for: C:\Users\User01\Documents\GitHub\scala-coursera\forcomp\src\main\scala\forcomp\Anagrams.scala
2022.07.29 12:28:05 WARN  no build target for: C:\Users\User01\Documents\GitHub\scala-coursera\forcomp\src\main\scala\forcomp\Anagrams.scala
2022.07.29 12:28:36 WARN  no build target for: C:\Users\User01\Documents\GitHub\scala-coursera\forcomp\src\main\scala\forcomp\Anagrams.scala
2022.07.29 12:28:37 WARN  no build target for: C:\Users\User01\Documents\GitHub\scala-coursera\forcomp\src\main\scala\forcomp\Anagrams.scala
2022.07.29 12:28:38 WARN  no build target for: C:\Users\User01\Documents\GitHub\scala-coursera\forcomp\src\main\scala\forcomp\Anagrams.scala
2022.07.29 12:28:40 WARN  no build target for: C:\Users\User01\Documents\GitHub\scala-coursera\forcomp\src\main\scala\forcomp\Anagrams.scala
2022.07.29 12:28:40 WARN  no build target for: C:\Users\User01\Documents\GitHub\scala-coursera\forcomp\src\main\scala\forcomp\Anagrams.scala
2022.07.29 12:28:40 WARN  no build target for: C:\Users\User01\Documents\GitHub\scala-coursera\forcomp\src\main\scala\forcomp\Anagrams.scala
2022.07.29 12:28:41 WARN  no build target for: C:\Users\User01\Documents\GitHub\scala-coursera\forcomp\src\main\scala\forcomp\Anagrams.scala
2022.07.29 12:28:40 WARN  no build target for: C:\Users\User01\Documents\GitHub\scala-coursera\forcomp\src\main\scala\forcomp\Anagrams.scala
2022.07.29 12:28:47 WARN  no build target for: C:\Users\User01\Documents\GitHub\scala-coursera\forcomp\src\main\scala\forcomp\Anagrams.scala
2022.07.29 12:29:14 WARN  no build target for: C:\Users\User01\Documents\GitHub\scala-coursera\forcomp\src\main\scala\forcomp\Anagrams.scala
2022.07.29 12:36:15 WARN  no build target for: C:\Users\User01\Documents\GitHub\scala-coursera\forcomp\src\main\scala\forcomp\Anagrams.scala
2022.07.29 12:40:20 WARN  no build target for: C:\Users\User01\Documents\GitHub\scala-coursera\forcomp\src\main\scala\forcomp\Anagrams.scala
2022.07.29 12:40:54 WARN  no build target for: C:\Users\User01\Documents\GitHub\scala-coursera\forcomp\src\main\scala\forcomp\Anagrams.scala
2022.07.29 13:38:47 WARN  no build target for: C:\Users\User01\Documents\GitHub\scala-coursera\forcomp\src\main\scala\forcomp\Anagrams.scala
2022.07.29 13:40:19 WARN  no build target for: C:\Users\User01\Documents\GitHub\scala-coursera\forcomp\src\main\scala\forcomp\Anagrams.scala
2022.07.29 13:46:34 INFO  shutting down Metals
2022.07.29 13:49:26 INFO  tracing is disabled for protocol LSP, to enable tracing of incoming and outgoing JSON messages create an empty file at c:\Users\User01\Documents\GitHub\scala-coursera\.metals\lsp.trace.json or C:\Users\User01\AppData\Local\scalameta\metals\cache\lsp.trace.json
2022.07.29 13:49:27 INFO  logging to file C:\Users\User01\Documents\GitHub\scala-coursera\.metals\metals.log
2022.07.29 13:49:27 INFO  Started: Metals version 0.11.7 in workspace 'C:\Users\User01\Documents\GitHub\scala-coursera' for client Visual Studio Code 1.69.2.
2022.07.29 13:49:28 INFO  time: initialize in 0.96s
2022.07.29 13:49:28 WARN  Flyway upgrade recommended: H2 2.1.214 is newer than this version of Flyway and support has not been tested. The latest supported version of H2 is 2.1.210.
2022.07.29 13:49:28 WARN  Build server is not auto-connectable.
2022.07.29 13:49:28 WARN  no build tool detected in workspace 'C:\Users\User01\Documents\GitHub\scala-coursera'. The most common cause for this problem is that the editor was opened in the wrong working directory, for example if you use sbt then the workspace directory should contain build.sbt. 
2022.07.29 13:49:31 WARN  no build target for: C:\Users\User01\Documents\GitHub\scala-coursera\forcomp\src\main\scala\forcomp\Anagrams.scala
2022.07.29 13:49:34 INFO  no build target found for C:\Users\User01\Documents\GitHub\scala-coursera\forcomp\src\main\scala\forcomp\Anagrams.scala. Using presentation compiler with project's scala-library version: 3.1.3
2022.07.29 13:49:36 INFO  time: code lens generation in 5s
2022.07.29 13:52:17 WARN  no build target for: C:\Users\User01\Documents\GitHub\scala-coursera\forcomp\src\main\scala\forcomp\Anagrams.scala
2022.07.29 13:52:43 WARN  no build target for: C:\Users\User01\Documents\GitHub\scala-coursera\forcomp\src\main\scala\forcomp\Anagrams.scala
2022.07.29 13:53:50 WARN  no build target for: C:\Users\User01\Documents\GitHub\scala-coursera\forcomp\src\main\scala\forcomp\Anagrams.scala
2022.07.29 13:54:18 WARN  no build target for: C:\Users\User01\Documents\GitHub\scala-coursera\forcomp\src\main\scala\forcomp\Anagrams.scala
2022.07.29 13:54:35 WARN  no build target for: C:\Users\User01\Documents\GitHub\scala-coursera\forcomp\src\main\scala\forcomp\Anagrams.scala
jul 29, 2022 1:54:39 DA TARDE org.eclipse.lsp4j.jsonrpc.RemoteEndpoint handleCancellation
WARNING: Unmatched cancel notification for request id 388
2022.07.29 13:54:51 WARN  no build target for: C:\Users\User01\Documents\GitHub\scala-coursera\forcomp\src\main\scala\forcomp\Anagrams.scala
2022.07.29 13:54:53 WARN  no build target for: C:\Users\User01\Documents\GitHub\scala-coursera\forcomp\src\main\scala\forcomp\Anagrams.scala
2022.07.29 13:57:00 WARN  no build target for: C:\Users\User01\Documents\GitHub\scala-coursera\forcomp\src\main\scala\forcomp\Anagrams.scala
jul 29, 2022 2:36:24 DA TARDE org.eclipse.lsp4j.jsonrpc.RemoteEndpoint handleCancellation
WARNING: Unmatched cancel notification for request id 512
2022.07.29 14:39:29 WARN  no build target for: C:\Users\User01\Documents\GitHub\scala-coursera\forcomp\src\main\scala\forcomp\Anagrams.scala
jul 29, 2022 2:41:02 DA TARDE org.eclipse.lsp4j.jsonrpc.RemoteEndpoint handleCancellation
WARNING: Unmatched cancel notification for request id 676
2022.07.29 14:42:12 WARN  no build target for: C:\Users\User01\Documents\GitHub\scala-coursera\forcomp\src\main\scala\forcomp\Anagrams.scala
2022.07.29 14:42:51 WARN  no build target for: C:\Users\User01\Documents\GitHub\scala-coursera\forcomp\src\main\scala\forcomp\Anagrams.scala
2022.07.29 14:44:14 WARN  no build target for: C:\Users\User01\Documents\GitHub\scala-coursera\forcomp\src\main\scala\forcomp\Anagrams.scala
2022.07.29 14:44:27 WARN  no build target for: C:\Users\User01\Documents\GitHub\scala-coursera\forcomp\src\main\scala\forcomp\Anagrams.scala
2022.07.29 14:44:32 WARN  no build target for: C:\Users\User01\Documents\GitHub\scala-coursera\forcomp\src\main\scala\forcomp\Anagrams.scala
2022.07.29 14:44:54 WARN  no build target for: C:\Users\User01\Documents\GitHub\scala-coursera\forcomp\src\main\scala\forcomp\Anagrams.scala
2022.07.29 14:46:34 WARN  no build target for: C:\Users\User01\Documents\GitHub\scala-coursera\forcomp\src\main\scala\forcomp\Anagrams.scala
2022.07.29 14:46:55 INFO  time: code lens generation in 13s
2022.07.29 14:46:55 INFO  time: code lens generation in 17s
2022.07.29 14:46:55 INFO  time: code lens generation in 20s
2022.07.29 14:46:55 INFO  time: code lens generation in 16s
2022.07.29 14:46:55 INFO  time: code lens generation in 17s
2022.07.29 14:46:55 INFO  time: code lens generation in 3.72s
2022.07.29 14:46:55 INFO  time: code lens generation in 15s
2022.07.29 14:46:55 INFO  time: code lens generation in 17s
2022.07.29 14:46:55 INFO  time: code lens generation in 10s
2022.07.29 14:47:10 WARN  no build target for: C:\Users\User01\Documents\GitHub\scala-coursera\forcomp\src\main\scala\forcomp\Anagrams.scala
2022.07.29 14:47:31 WARN  no build target for: C:\Users\User01\Documents\GitHub\scala-coursera\forcomp\src\main\scala\forcomp\Anagrams.scala
2022.07.29 14:48:13 WARN  no build target for: C:\Users\User01\Documents\GitHub\scala-coursera\forcomp\src\test\scala\forcomp\AnagramsSuite.scala
2022.07.29 15:00:13 WARN  no build target for: C:\Users\User01\Documents\GitHub\scala-coursera\forcomp\src\main\scala\forcomp\Anagrams.scala
2022.07.29 15:00:47 WARN  no build target for: C:\Users\User01\Documents\GitHub\scala-coursera\forcomp\src\main\scala\forcomp\Anagrams.scala
2022.07.29 15:01:02 WARN  no build target for: C:\Users\User01\Documents\GitHub\scala-coursera\forcomp\src\main\scala\forcomp\Anagrams.scala
2022.07.29 15:01:13 WARN  no build target for: C:\Users\User01\Documents\GitHub\scala-coursera\forcomp\src\main\scala\forcomp\Anagrams.scala
2022.07.29 15:02:22 WARN  no build target for: C:\Users\User01\Documents\GitHub\scala-coursera\forcomp\src\main\scala\forcomp\Anagrams.scala
2022.07.29 15:04:46 WARN  no build target for: C:\Users\User01\Documents\GitHub\scala-coursera\forcomp\src\main\scala\forcomp\Anagrams.scala
2022.07.29 15:06:55 WARN  no build target for: C:\Users\User01\Documents\GitHub\scala-coursera\forcomp\src\main\scala\forcomp\Anagrams.scala
2022.07.29 15:07:04 WARN  no build target for: C:\Users\User01\Documents\GitHub\scala-coursera\forcomp\src\main\scala\forcomp\Anagrams.scala
2022.07.29 15:07:38 WARN  no build target for: C:\Users\User01\Documents\GitHub\scala-coursera\forcomp\src\main\scala\forcomp\Anagrams.scala
2022.07.29 15:07:57 WARN  no build target for: C:\Users\User01\Documents\GitHub\scala-coursera\forcomp\src\main\scala\forcomp\Anagrams.scala
2022.07.29 15:08:36 WARN  no build target for: C:\Users\User01\Documents\GitHub\scala-coursera\forcomp\src\main\scala\forcomp\Anagrams.scala
2022.07.29 15:08:57 WARN  no build target for: C:\Users\User01\Documents\GitHub\scala-coursera\forcomp\src\main\scala\forcomp\Anagrams.scala
2022.07.29 15:11:16 WARN  no build target for: C:\Users\User01\Documents\GitHub\scala-coursera\forcomp\src\main\scala\forcomp\Anagrams.scala
2022.07.29 15:29:56 WARN  no build target for: C:\Users\User01\Documents\GitHub\scala-coursera\forcomp\src\main\scala\forcomp\Anagrams.scala
2022.07.29 15:30:03 WARN  no build target for: C:\Users\User01\Documents\GitHub\scala-coursera\forcomp\src\main\scala\forcomp\Anagrams.scala
2022.07.29 15:30:10 WARN  no build target for: C:\Users\User01\Documents\GitHub\scala-coursera\forcomp\src\main\scala\forcomp\Anagrams.scala
2022.07.29 15:30:28 WARN  no build target for: C:\Users\User01\Documents\GitHub\scala-coursera\forcomp\src\main\scala\forcomp\Anagrams.scala
2022.07.29 15:30:36 WARN  no build target for: C:\Users\User01\Documents\GitHub\scala-coursera\forcomp\src\main\scala\forcomp\Anagrams.scala
2022.07.29 15:30:54 WARN  no build target for: C:\Users\User01\Documents\GitHub\scala-coursera\forcomp\src\main\scala\forcomp\Anagrams.scala
2022.07.29 15:31:30 WARN  no build target for: C:\Users\User01\Documents\GitHub\scala-coursera\forcomp\src\main\scala\forcomp\Anagrams.scala
2022.07.29 15:32:10 WARN  no build target for: C:\Users\User01\Documents\GitHub\scala-coursera\forcomp\src\main\scala\forcomp\Anagrams.scala
2022.07.29 15:32:50 WARN  no build target for: C:\Users\User01\Documents\GitHub\scala-coursera\forcomp\src\main\scala\forcomp\Anagrams.scala
2022.07.29 15:32:53 WARN  no build target for: C:\Users\User01\Documents\GitHub\scala-coursera\forcomp\src\main\scala\forcomp\Anagrams.scala
2022.07.29 15:32:53 WARN  no build target for: C:\Users\User01\Documents\GitHub\scala-coursera\forcomp\src\main\scala\forcomp\Anagrams.scala
2022.07.29 15:32:53 WARN  no build target for: C:\Users\User01\Documents\GitHub\scala-coursera\forcomp\src\main\scala\forcomp\Anagrams.scala
2022.07.29 15:33:10 WARN  no build target for: C:\Users\User01\Documents\GitHub\scala-coursera\forcomp\src\main\scala\forcomp\Anagrams.scala
2022.07.29 15:34:00 WARN  no build target for: C:\Users\User01\Documents\GitHub\scala-coursera\forcomp\src\main\scala\forcomp\Anagrams.scala
2022.07.29 15:34:08 WARN  no build target for: C:\Users\User01\Documents\GitHub\scala-coursera\forcomp\src\main\scala\forcomp\Anagrams.scala
2022.07.29 15:35:18 WARN  no build target for: C:\Users\User01\Documents\GitHub\scala-coursera\forcomp\src\main\scala\forcomp\Anagrams.scala
2022.07.29 15:36:07 WARN  no build target for: C:\Users\User01\Documents\GitHub\scala-coursera\forcomp\src\main\scala\forcomp\Anagrams.scala
2022.07.29 15:36:30 WARN  no build target for: C:\Users\User01\Documents\GitHub\scala-coursera\forcomp\src\main\scala\forcomp\Anagrams.scala
2022.07.29 15:36:46 WARN  no build target for: C:\Users\User01\Documents\GitHub\scala-coursera\forcomp\src\main\scala\forcomp\Anagrams.scala
2022.07.29 15:36:51 INFO  time: code lens generation in 5.79s
2022.07.29 15:36:51 INFO  time: code lens generation in 6.52s
2022.07.29 15:36:51 INFO  time: code lens generation in 10s
2022.07.29 15:36:51 INFO  time: code lens generation in 13s
2022.07.29 15:36:51 INFO  time: code lens generation in 12s
2022.07.29 15:36:51 INFO  time: code lens generation in 13s
2022.07.29 15:36:51 INFO  time: code lens generation in 11s
2022.07.29 15:36:51 INFO  time: code lens generation in 14s
2022.07.29 15:36:51 INFO  time: code lens generation in 14s
2022.07.29 15:38:01 WARN  no build target for: C:\Users\User01\Documents\GitHub\scala-coursera\forcomp\src\main\scala\forcomp\Anagrams.scala
2022.07.29 15:38:23 WARN  no build target for: C:\Users\User01\Documents\GitHub\scala-coursera\forcomp\src\main\scala\forcomp\Anagrams.scala
2022.07.29 15:38:46 WARN  no build target for: C:\Users\User01\Documents\GitHub\scala-coursera\forcomp\src\main\scala\forcomp\Anagrams.scala
2022.07.29 15:39:40 WARN  no build target for: C:\Users\User01\Documents\GitHub\scala-coursera\forcomp\src\main\scala\forcomp\Anagrams.scala
2022.07.29 15:40:36 WARN  no build target for: C:\Users\User01\Documents\GitHub\scala-coursera\forcomp\src\main\scala\forcomp\Anagrams.scala
2022.07.29 15:43:39 WARN  no build target for: C:\Users\User01\Documents\GitHub\scala-coursera\forcomp\src\main\scala\forcomp\Anagrams.scala
2022.07.29 15:44:04 WARN  no build target for: C:\Users\User01\Documents\GitHub\scala-coursera\forcomp\src\main\scala\forcomp\Anagrams.scala
2022.07.29 15:45:31 WARN  no build target for: C:\Users\User01\Documents\GitHub\scala-coursera\forcomp\src\main\scala\forcomp\Anagrams.scala
2022.07.29 15:45:53 WARN  no build target for: C:\Users\User01\Documents\GitHub\scala-coursera\forcomp\src\main\scala\forcomp\Anagrams.scala
2022.07.29 15:46:18 WARN  no build target for: C:\Users\User01\Documents\GitHub\scala-coursera\forcomp\src\main\scala\forcomp\Anagrams.scala
2022.07.29 15:48:24 WARN  no build target for: C:\Users\User01\Documents\GitHub\scala-coursera\forcomp\src\main\scala\forcomp\AnagramsInterface.scala
jul 29, 2022 3:49:22 DA TARDE org.eclipse.lsp4j.jsonrpc.RemoteEndpoint handleCancellation
WARNING: Unmatched cancel notification for request id 2711
2022.07.29 15:50:04 INFO  shutting down Metals
